<?xml version="1.0" encoding="UTF-8"?>
<!-- Generated by org.testng.reporters.JUnitReportReporter -->
<testsuite skipped="0" hostname="DESKTOP-IKPU21L" name="com.sgtesting.actitime.testsuite.DriverScript" tests="2" failures="0" timestamp="16 Mar 2021 13:52:17 GMT" time="154.029" errors="0">
  <testcase name="feature" time="60.865" classname="com.sgtesting.actitime.testsuite.DriverScript"/>
  <testcase name="feature" time="93.164" classname="com.sgtesting.actitime.testsuite.DriverScript"/>
</testsuite> <!-- com.sgtesting.actitime.testsuite.DriverScript -->
